025-05-28 13:26:35,624 - BUILD - INFO - ๏ฟฝ๏ฟฝสผ๏ฟฝ๏ฟฝึชสถอผ๏ฟฝืน๏ฟฝ๏ฟฝ๏ฟฝฯตอณ - E:\EMC_Knowledge_Graph
2025-05-28 13:26:35,624 - BUILD - INFO - ๏ฟฝ๏ฟฝสผ๏ฟฝ๏ฟฝึชสถอผ๏ฟฝืน๏ฟฝ๏ฟฝ๏ฟฝฯตอณ - E:\EMC_Knowledge_Graph
2025-05-28 13:26:35,927 - BUILD - INFO - Note: NumExpr detected 20 cores but "NUMEXPR_MAX_THREADS" not set, so enforcing safe limit of 8.
2025-05-28 13:26:35,927 - BUILD - INFO - NumExpr defaulting to 8 threads.
2025-05-28 13:26:36,345 - BUILD - ERROR - ๏ฟฝ๏ฟฝ๏ฟฝ๏ฟฝ๏ฟฝ๏ฟฝืฐสง๏ฟฝ๏ฟฝ: Traceback (most recent call last):
  File "<frozen runpy>", line 198, in _run_module_as_main
  File "<frozen runpy>", line 88, in _run_code
  File "E:\EMC_Knowledge_Graph\venv\Scripts\pip.exe\__main__.py", line 7, in <module>
  File "E:\EMC_Knowledge_Graph\venv\Lib\site-packages\pip\_internal\cli\main.py", line 77, in main
    command = create_command(cmd_name, isolated=("--isolated" in cmd_args))
              ^^^^^^^^^^^^^^^^^^^^^^^^^^^^^^^^^^^^^^^^^^^^^^^^^^^^^^^^^^^^^
  File "E:\EMC_Knowledge_Graph\venv\Lib\site-packages\pip\_internal\commands\__init__.py", line 114, in create_command
    module = importlib.import_module(module_path)
             ^^^^^^^^^^^^^^^^^^^^^^^^^^^^^^^^^^^^
  File "C:\ProgramData\anaconda3\Lib\importlib\__init__.py", line 90, in import_module
    return _bootstrap._gcd_import(name[level:], package, level)
           ^^^^^^^^^^^^^^^^^^^^^^^^^^^^^^^^^^^^^^^^^^^^^^^^^^^^
  File "<frozen importlib._bootstrap>", line 1387, in _gcd_import
  File "<frozen importlib._bootstrap>", line 1360, in _find_and_load
  File "<frozen importlib._bootstrap>", line 1331, in _find_and_load_unlocked
  File "<frozen importlib._bootstrap>", line 935, in _load_unlocked
  File "<frozen importlib._bootstrap_external>", line 995, in exec_module
  File "<frozen importlib._bootstrap>", line 488, in _call_with_frames_removed
  File "E:\EMC_Knowledge_Graph\venv\Lib\site-packages\pip\_internal\commands\install.py", line 15, in <module>
    from pip._internal.cli.req_command import (
  File "E:\EMC_Knowledge_Graph\venv\Lib\site-packages\pip\_internal\cli\req_command.py", line 21, in <module>
    from pip._internal.index.package_finder import PackageFinder
  File "E:\EMC_Knowledge_Graph\venv\Lib\site-packages\pip\_internal\index\package_finder.py", line 30, in <module>
    from pip._internal.req import InstallRequirement
  File "E:\EMC_Knowledge_Graph\venv\Lib\site-packages\pip\_internal\req\__init__.py", line 8, in <module>
    from .req_install import InstallRequirement
  File "E:\EMC_Knowledge_Graph\venv\Lib\site-packages\pip\_internal\req\req_install.py", line 32, in <module>
    from pip._internal.operations.build.metadata import generate_metadata
ModuleNotFoundError: No module named 'pip._internal.operations.build'

2025-05-28 13:26:36,346 - BUILD - ERROR - ๏ฟฝ๏ฟฝ๏ฟฝ๏ฟฝสง๏ฟฝ๏ฟฝ: ๏ฟฝ๏ฟฝ๏ฟฝ๏ฟฝ๏ฟฝ๏ฟฝืฐ
2025-05-28 13:26:36,995 - BUILD - WARNING - ๏ฟฝ๏ฟฝ๏ฟฝ๏ฟฝ๏ฟฝ๏ฟฝ๏ฟฝ๏ฟฝ๏ฟฝ๏ฟฝ: 
2025-05-28 13:26:40,478 - BUILD - WARNING - ๏ฟฝ๏ฟฝ๏ฟฝิธ๏ฟฝ๏ฟฝ๏ฟฝ๏ฟฝสต๏ฟฝ๏ฟฝ๏ฟฝ๏ฟฝ๏ฟฝึต: 12.0% < 85%
2025-05-28 13:26:40,861 - BUILD - ERROR - ึชสถอผ๏ฟฝืน๏ฟฝ๏ฟฝ๏ฟฝสง๏ฟฝ๏ฟฝ: Traceback (most recent call last):
  File "E:\EMC_Knowledge_Graph\src\knowledge_graph.py", line 39, in <module>
    from .data_models import (
ImportError: attempted relative import with no known parent package

2025-05-28 13:26:40,861 - BUILD - ERROR - ๏ฟฝ๏ฟฝ๏ฟฝ๏ฟฝสง๏ฟฝ๏ฟฝ: ึชสถอผ๏ฟฝืน๏ฟฝ๏ฟฝ๏ฟฝ
